---------------------------------------
Begin Slurm Prolog: Oct-21-2022 09:10:34
Job ID:    12517
User ID:   msethuraman7
Account:   gts-ff14
Job name:  RunSythBench
Partition: gpu-v100
QOS:       inferno
---------------------------------------
---------------------------------------
Begin Slurm Epilog: Oct-21-2022 09:10:41
Job ID:        12517
Array Job ID:  _4294967294
User ID:       msethuraman7
Account:       gts-ff14
Job name:      RunSythBench
Resources:     cpu=12,gres/gpu:v100=1,mem=192G,node=1
Rsrc Used:     cput=00:13:24,vmem=5720K,walltime=00:01:07,mem=5712K,energy_used=0
Partition:     gpu-v100
QOS:           inferno
Nodes:         atl1-1-03-006-35-0
---------------------------------------
